[debug] [2020-11-25T06:21:50.641Z] ----------------------------------------------------------------------
[debug] [2020-11-25T06:21:50.644Z] Command:       C:\Program Files\nodejs\node.exe C:\Users\hn156\AppData\Roaming\npm\node_modules\firebase-tools\lib\bin\firebase.js init
[debug] [2020-11-25T06:21:50.644Z] CLI Version:   8.16.2
[debug] [2020-11-25T06:21:50.644Z] Platform:      win32
[debug] [2020-11-25T06:21:50.644Z] Node Version:  v14.11.0
[debug] [2020-11-25T06:21:50.645Z] Time:          Wed Nov 25 2020 14:21:50 GMT+0800 (台北標準時間)
[debug] [2020-11-25T06:21:50.646Z] ----------------------------------------------------------------------
[debug] [2020-11-25T06:21:50.646Z] 
[debug] [2020-11-25T06:21:50.648Z] >>> [apiv2][query] GET https://firebase-public.firebaseio.com/cli.json [none]
[debug] [2020-11-25T06:21:50.672Z] > command requires scopes: ["email","openid","https://www.googleapis.com/auth/cloudplatformprojects.readonly","https://www.googleapis.com/auth/firebase","https://www.googleapis.com/auth/cloud-platform"]
[debug] [2020-11-25T06:21:50.672Z] > authorizing via signed-in user
[info] 
     ######## #### ########  ######## ########     ###     ######  ########
     ##        ##  ##     ## ##       ##     ##  ##   ##  ##       ##
     ######    ##  ########  ######   ########  #########  ######  ######
     ##        ##  ##    ##  ##       ##     ## ##     ##       ## ##
     ##       #### ##     ## ######## ########  ##     ##  ######  ########

You're about to initialize a Firebase project in this directory:

  C:\Users\hn156\Desktop\AppWorks\personal project\Pick Up

[debug] [2020-11-25T06:21:51.245Z] <<< [apiv2][status] GET https://firebase-public.firebaseio.com/cli.json 200
[debug] [2020-11-25T06:21:51.245Z] <<< [apiv2][body] GET https://firebase-public.firebaseio.com/cli.json {"cloudBuildErrorAfter":1594252800000,"cloudBuildWarnAfter":1590019200000,"defaultNode10After":1594252800000,"minVersion":"3.0.5","node8DeploysDisabledAfter":1613390400000,"node8RuntimeDisabledAfter":1615809600000,"node8WarnAfter":1600128000000}
